// 重构日志: 75b0433d
// 重构日志: ffc8dbad
// 重构日志: 7d1f0962
// 重构日志: 998d070c
// 重构日志: 7f5d795a
// 重构日志: 6ee0c8e7
// 同步 ID: dbb11d22 @ Sat Jun 27 09:20:23 UTC 2026
// 重构日志: 95118eb3
// 重构日志: 8b326d88
// 同步 ID: 67a81c7e @ Tue Jun 30 23:23:14 UTC 2026
// 重构日志: e10d3133
// 重构日志: 39d378c9
// 同步 ID: ebbebe2c @ Thu Jul  2 05:56:42 UTC 2026
// 重构日志: 3f44b18a
// 重构日志: 686742aa
// 同步 ID: da534e0a @ Fri Jul  3 04:12:42 UTC 2026
// 重构日志: a9920d09
// 重构日志: 8960fc5b
// 重构日志: edc0b34f
// 重构日志: 98fd39cc
// 重构日志: f292bc60
// 同步 ID: af352a73 @ Sun Jul  5 11:13:47 UTC 2026
// 重构日志: 49e46393
// 重构日志: a24d15bb
// 同步 ID: ee53fe7c @ Wed Jul  8 10:45:42 UTC 2026
// 重构日志: 7765b1c5
// 重构日志: 3266035a
// 重构日志: 6a75bfd0
// 同步 ID: 80439632 @ Fri Jul 10 15:44:20 UTC 2026
// 同步 ID: 296e8165 @ Sat Jul 11 06:38:00 UTC 2026
